2024-11-21 05:27:46.373 +00:00 [INF] application is starting
2024-11-21 05:27:46.537 +00:00 [INF] Server=192.168.0.101,49173\SQLEXPRESS;Database=Inventory;User Id=inventory;Password=123456;Trust Server Certificate=True
2024-11-21 05:27:46.850 +00:00 [WRN] Storing keys in a directory '/root/.aspnet/DataProtection-Keys' that may not be persisted outside of the container. Protected data will be unavailable when container is destroyed. For more information go to https://aka.ms/aspnet/dataprotectionwarning
2024-11-21 05:27:46.892 +00:00 [WRN] Overriding HTTP_PORTS '8080' and HTTPS_PORTS ''. Binding to values defined by URLS instead 'http://*:80'.
2024-11-21 05:27:59.787 +00:00 [WRN] Failed to determine the https port for redirect.
2024-11-21 05:28:13.538 +00:00 [INF] from index
2024-11-21 12:30:17.293 +00:00 [INF] application is starting
2024-11-21 12:30:17.572 +00:00 [INF] Server=192.168.0.101,49173\SQLEXPRESS;Database=Inventory;User Id=inventory;Password=123456;Trust Server Certificate=True
2024-11-21 12:30:17.987 +00:00 [WRN] Storing keys in a directory '/root/.aspnet/DataProtection-Keys' that may not be persisted outside of the container. Protected data will be unavailable when container is destroyed. For more information go to https://aka.ms/aspnet/dataprotectionwarning
2024-11-21 12:30:18.032 +00:00 [WRN] No XML encryptor configured. Key {cc56ef92-c7a2-4714-9d08-64c2f50b470e} may be persisted to storage in unencrypted form.
2024-11-21 12:30:18.043 +00:00 [WRN] Overriding HTTP_PORTS '8080' and HTTPS_PORTS ''. Binding to values defined by URLS instead 'http://*:80'.
2024-11-21 12:36:21.744 +00:00 [INF] application is starting
2024-11-21 12:36:22.028 +00:00 [INF] Server=192.168.0.101,49173\SQLEXPRESS;Database=Inventory;User Id=inventory;Password=123456;Trust Server Certificate=True
2024-11-21 12:36:22.584 +00:00 [WRN] Storing keys in a directory '/root/.aspnet/DataProtection-Keys' that may not be persisted outside of the container. Protected data will be unavailable when container is destroyed. For more information go to https://aka.ms/aspnet/dataprotectionwarning
2024-11-21 12:36:22.642 +00:00 [WRN] Overriding HTTP_PORTS '8080' and HTTPS_PORTS ''. Binding to values defined by URLS instead 'http://*:80'.
2024-11-21 12:36:34.763 +00:00 [WRN] Failed to determine the https port for redirect.
2024-11-21 12:36:49.278 +00:00 [INF] from index
2024-11-21 12:37:47.498 +00:00 [INF] application is starting
2024-11-21 12:37:47.944 +00:00 [INF] Server=192.168.0.101,49173\SQLEXPRESS;Database=Inventory;User Id=inventory;Password=123456;Trust Server Certificate=True
2024-11-21 12:37:48.495 +00:00 [WRN] Storing keys in a directory '/root/.aspnet/DataProtection-Keys' that may not be persisted outside of the container. Protected data will be unavailable when container is destroyed. For more information go to https://aka.ms/aspnet/dataprotectionwarning
2024-11-21 12:37:48.555 +00:00 [WRN] No XML encryptor configured. Key {9e054867-91cf-48b6-8459-79acf427d40c} may be persisted to storage in unencrypted form.
2024-11-21 12:37:48.566 +00:00 [WRN] Overriding HTTP_PORTS '8080' and HTTPS_PORTS ''. Binding to values defined by URLS instead 'http://*:80'.
2024-11-21 12:37:51.679 +00:00 [WRN] Failed to determine the https port for redirect.
2024-11-21 12:37:51.874 +00:00 [ERR] An exception was thrown while deserializing the token.
Microsoft.AspNetCore.Antiforgery.AntiforgeryValidationException: The antiforgery token could not be decrypted.
 ---> System.Security.Cryptography.CryptographicException: The key {cc56ef92-c7a2-4714-9d08-64c2f50b470e} was not found in the key ring. For more information go to https://aka.ms/aspnet/dataprotectionwarning
   at Microsoft.AspNetCore.DataProtection.KeyManagement.KeyRingBasedDataProtector.UnprotectCore(Byte[] protectedData, Boolean allowOperationsOnRevokedKeys, UnprotectStatus& status)
   at Microsoft.AspNetCore.DataProtection.KeyManagement.KeyRingBasedDataProtector.Unprotect(Byte[] protectedData)
   at Microsoft.AspNetCore.Antiforgery.DefaultAntiforgeryTokenSerializer.Deserialize(String serializedToken)
   --- End of inner exception stack trace ---
   at Microsoft.AspNetCore.Antiforgery.DefaultAntiforgeryTokenSerializer.Deserialize(String serializedToken)
   at Microsoft.AspNetCore.Antiforgery.DefaultAntiforgery.GetCookieTokenDoesNotThrow(HttpContext httpContext)
